<?xml version="1.0" encoding="UTF-8"?>
<testsuite xmlns:xsi="http://www.w3.org/2001/XMLSchema-instance" xsi:noNamespaceSchemaLocation="https://maven.apache.org/surefire/maven-surefire-plugin/xsd/surefire-test-report.xsd" name="demoblaze.DemoblazeTest" time="12.079" tests="4" errors="0" skipped="0" failures="0">
  <properties>
[...]
</properties>
  <testcase name="testAll[1][1]" classname="demoblaze.DemoblazeTest" time="5.54"/>
  <testcase name="testAll[1][2]" classname="demoblaze.DemoblazeTest" time="0.413"/>
  <testcase name="testAll[1][3]" classname="demoblaze.DemoblazeTest" time="0.362"/>
  <testcase name="testAll[1][4]" classname="demoblaze.DemoblazeTest" time="3.057"/>
</testsuite>